4090
0 0 2 3
0 4 5 5
0 6 0 17
0 18 1 23
0 24 3 26
0 27 2 30
0 31 2 34
0 35 1 40
0 41 2 44
0 45 3 47
0 48 5 49
0 50 3 52
0 53 2 56
0 57 3 59
0 60 2 63
0 64 2 67
0 68 2 71
0 72 2 75
0 76 2 79
0 80 2 83
0 84 3 86
0 87 2 90
0 91 11 91
0 92 2 95
0 96 3 98
0 99 2 102
0 103 2 106
0 107 1 112
0 113 2 116
0 117 3 119
0 120 3 122
0 123 3 125
0 126 2 129
0 130 5 131
0 132 5 133
0 134 1 139
0 140 2 143
0 144 2 147
0 148 3 150
0 151 3 153
0 154 2 157
0 158 2 161
0 162 2 165
0 166 5 167
0 168 2 171
0 172 2 175
0 176 5 177
0 178 3 180
0 181 5 182
0 183 2 186
0 187 3 189
0 190 1 195
0 196 11 196
0 197 5 198
0 199 1 204
0 205 2 208
0 209 3 211
0 212 3 214
0 215 5 216
0 217 0 228
0 229 3 231
0 232 3 234
0 235 2 238
0 239 1 244
0 245 3 247
0 248 5 249
1 6 1 17
1 217 1 228
2 6 7 7
2 8 3 13
2 14 5 16
2 17 3 22
2 35 3 40
2 107 5 109
2 110 5 112
2 134 3 139
2 190 3 195
2 199 5 201
2 202 5 204
2 217 5 219
2 220 4 223
2 224 5 226
2 227 7 228
2 239 3 244
3 0 5 3
3 27 8 28
3 29 6 31
3 32 6 34
3 41 5 44
3 53 5 56
3 60 8 61
3 62 3 73
3 74 5 77
3 78 6 80
3 81 14 81
3 82 14 82
3 83 14 83
3 87 5 90
3 92 5 95
3 99 4 104
3 105 14 105
3 106 14 106
3 113 5 116
3 126 5 129
3 140 4 145
3 146 8 147
3 154 5 157
3 158 14 158
3 159 8 160
3 161 6 163
3 164 8 165
3 168 5 171
3 172 5 175
3 183 5 186
3 205 5 208
3 235 5 238
4 8 6 11
4 12 15 12
4 13 15 13
4 17 9 18
4 19 7 21
4 22 6 25
4 35 5 40
4 45 15 45
4 46 15 46
4 50 15 50
4 51 15 51
4 52 15 52
4 57 7 59
4 62 5 67
4 68 6 71
4 72 9 73
4 84 15 84
4 85 15 85
4 86 15 86
4 96 7 98
4 117 6 120
4 121 6 124
4 125 15 125
4 134 9 135
4 136 6 139
4 148 9 149
4 150 6 153
4 178 7 180
4 187 6 190
4 191 6 194
4 195 15 195
4 209 5 214
4 229 7 231
4 232 7 234
4 239 9 240
4 241 6 244
4 245 7 247
5 47 16 47
5 99 6 104
5 140 16 140
5 141 8 143
5 144 16 144
5 220 7 223
6 0 7 5
6 14 9 16
6 26 17 26
6 35 9 37
6 38 8 41
6 42 9 44
6 48 11 49
6 53 8 56
6 62 8 65
6 66 11 67
6 74 8 77
6 87 8 90
6 92 8 95
6 107 8 110
6 111 8 114
6 115 11 116
6 126 9 128
6 129 8 132
6 145 17 145
6 154 8 157
6 166 8 169
6 170 7 175
6 176 11 177
6 181 7 186
6 197 7 202
6 203 9 205
6 206 8 209
6 210 7 215
6 217 9 219
6 224 9 226
6 235 9 237
6 248 17 248
6 249 17 249
7 8 9 11
7 22 9 25
7 29 8 34
7 68 9 71
7 78 10 80
7 99 8 104
7 117 10 119
7 120 10 122
7 123 12 124
7 136 9 139
7 150 9 153
7 161 10 163
7 187 9 190
7 191 9 194
7 216 18 216
7 238 18 238
7 241 12 242
7 243 18 243
7 244 18 244
8 0 13 1
8 2 9 7
8 19 11 21
8 57 11 59
8 96 11 98
8 170 9 175
8 178 10 181
8 182 10 185
8 186 19 186
8 197 11 199
8 200 11 202
8 210 9 215
8 220 10 223
8 227 13 228
8 229 19 229
8 230 11 232
8 233 13 234
8 245 11 247
9 27 11 30
9 31 11 34
9 38 11 41
9 53 11 56
9 60 10 65
9 74 11 77
9 87 11 90
9 92 11 95
9 99 14 100
9 101 14 102
9 104 20 104
9 107 11 110
9 111 11 114
9 129 11 132
9 141 12 143
9 146 14 147
9 154 11 157
9 160 20 160
9 164 14 165
9 166 14 167
9 168 14 169
9 206 11 209
10 2 11 7
10 8 12 11
10 14 12 17
10 22 13 24
10 25 21 25
10 35 13 37
10 42 13 44
10 68 11 73
10 126 13 128
10 133 15 134
10 135 15 136
10 137 13 139
10 148 11 153
10 159 21 159
10 170 11 175
10 187 15 188
10 189 13 191
10 192 13 194
10 203 13 205
10 210 13 212
10 214 15 215
10 217 15 218
10 219 21 219
10 224 13 226
10 235 13 237
10 239 15 240
11 18 22 18
11 60 13 63
11 64 16 65
11 80 22 80
11 117 16 118
11 119 16 120
11 121 16 122
11 161 16 162
11 163 22 163
11 178 14 180
11 181 13 184
11 185 22 185
11 213 22 213
11 220 13 223
12 2 15 4
12 5 23 5
12 6 17 7
12 19 15 21
12 27 14 30
12 31 14 34
12 38 14 41
12 48 17 49
12 53 14 56
12 57 15 59
12 66 14 69
12 70 14 73
12 74 13 79
12 87 17 88
12 89 15 91
12 92 13 97
12 98 23 98
12 107 15 109
12 110 14 113
12 114 15 116
12 129 14 132
12 148 14 151
12 152 13 157
12 170 17 171
12 172 13 177
12 196 14 199
12 200 15 202
12 206 14 209
12 230 15 232
12 245 15 247
13 8 15 11
13 14 15 17
13 103 24 103
13 123 18 124
13 141 16 143
13 241 18 242
14 0 19 1
14 22 17 24
14 35 25 35
14 36 25 36
14 37 25 37
14 42 17 44
14 60 16 63
14 74 15 79
14 92 15 97
14 126 19 127
14 128 25 128
14 138 19 139
14 152 19 153
14 154 16 157
14 172 15 177
14 181 16 184
14 189 17 191
14 192 17 194
14 203 19 204
14 210 17 212
14 220 17 222
14 223 15 228
14 233 19 234
14 235 17 237
15 27 17 30
15 31 17 34
15 38 17 41
15 53 17 56
15 66 17 69
15 70 17 73
15 81 18 83
15 99 17 102
15 105 20 106
15 110 20 111
15 112 20 113
15 129 17 132
15 146 16 151
15 158 26 158
15 164 16 169
15 178 20 179
15 180 26 180
15 196 17 199
15 205 20 206
15 207 18 209
16 2 19 4
16 8 18 11
16 12 17 17
16 19 19 21
16 46 27 46
16 50 19 52
16 57 19 59
16 74 17 79
16 84 19 86
16 89 19 91
16 92 17 97
16 107 19 109
16 114 19 116
16 125 27 125
16 133 18 136
16 172 17 177
16 187 21 188
16 200 19 202
16 214 21 215
16 217 21 218
16 223 17 228
16 230 27 230
16 232 27 232
16 239 21 240
16 245 19 247
17 47 28 47
17 60 20 62
17 63 20 65
17 117 18 122
17 140 19 143
17 144 28 144
17 146 20 148
17 149 20 151
17 154 19 157
17 161 22 162
17 164 18 169
17 181 19 184
17 195 28 195
18 6 29 6
18 7 29 7
18 12 19 17
18 22 21 24
18 26 19 31
18 32 21 34
18 38 21 40
18 41 20 44
18 48 23 49
18 53 21 55
18 56 29 56
18 66 21 68
18 69 21 71
18 72 19 77
18 78 23 79
18 87 23 88
18 92 21 94
18 95 29 95
18 96 23 97
18 99 20 102
18 129 20 132
18 137 29 137
18 145 29 145
18 170 20 173
18 174 20 177
18 189 19 194
18 196 20 199
18 210 21 212
18 220 23 221
18 222 20 225
18 226 21 228
18 235 23 236
18 237 29 237
18 248 23 249
19 8 21 11
19 45 30 45
19 81 22 83
19 117 21 120
19 121 21 124
19 133 22 135
19 164 20 169
19 207 22 209
19 216 30 216
19 238 30 238
19 241 21 244
20 0 22 3
20 4 31 4
20 12 21 17
20 19 23 21
20 26 21 31
20 50 25 51
20 52 31 52
20 57 23 59
20 72 23 74
20 75 23 77
20 84 23 86
20 89 23 91
20 107 25 108
20 109 31 109
20 114 23 116
20 127 31 127
20 136 31 136
20 138 21 143
20 152 25 153
20 154 22 157
20 181 22 184
20 189 21 194
20 200 23 202
20 203 25 204
20 229 31 229
20 231 31 231
20 233 25 234
20 245 23 247
21 41 26 42
21 43 26 44
21 60 24 62
21 63 24 65
21 99 23 102
21 104 24 106
21 110 23 113
21 126 32 126
21 129 23 132
21 146 22 151
21 164 23 167
21 168 32 168
21 169 26 170
21 171 26 172
21 173 26 174
21 175 26 176
21 177 26 178
21 179 32 179
21 186 32 186
21 196 23 199
21 205 26 206
21 222 23 225
22 8 24 11
22 12 24 15
22 16 27 17
22 22 24 25
22 26 23 31
22 32 25 34
22 38 25 40
22 53 25 55
22 66 25 68
22 69 25 71
22 92 25 94
22 117 24 120
22 121 24 124
22 138 23 143
22 159 33 159
22 187 24 190
22 191 24 194
22 210 25 212
22 214 27 215
22 217 25 219
22 226 25 228
22 239 25 241
22 242 25 244
23 0 34 0
23 1 26 3
23 18 34 18
23 80 25 83
23 133 26 135
23 146 24 151
23 154 34 154
23 155 26 157
23 160 25 163
23 181 25 184
23 185 34 185
23 207 26 209
23 213 34 213
24 19 27 21
24 26 25 31
24 48 35 48
24 49 35 49
24 57 27 59
24 72 26 75
24 76 26 79
24 84 27 86
24 87 29 88
24 89 27 91
24 96 26 99
24 100 27 102
24 110 26 113
24 114 27 116
24 129 26 132
24 138 25 143
24 164 26 167
24 196 29 197
24 198 27 200
24 201 29 202
24 220 27 222
24 223 27 225
24 235 29 236
24 245 27 247
24 248 29 249
25 8 27 11
25 12 27 15
25 22 27 25
25 60 27 63
25 64 30 65
25 103 30 104
25 117 27 120
25 121 28 123
25 146 26 151
25 187 27 190
25 191 27 194
26 5 37 5
26 26 28 29
26 30 28 33
26 34 37 34
26 35 28 38
26 39 31 40
26 50 31 51
26 53 29 55
26 66 27 71
26 80 37 80
26 82 31 83
26 92 29 94
26 105 28 108
26 124 37 124
26 128 37 128
26 138 27 143
26 152 31 153
26 160 28 163
26 181 28 184
26 203 31 204
26 210 29 212
26 217 29 219
26 226 29 228
26 233 31 234
26 239 29 241
26 242 29 244
27 1 32 2
27 41 29 44
27 72 29 75
27 76 29 79
27 96 32 97
27 98 38 98
27 110 29 113
27 130 28 135
27 146 38 146
27 147 38 147
27 148 32 149
27 150 32 151
27 155 29 158
27 164 29 167
27 169 29 172
27 173 28 178
27 180 38 180
27 205 32 206
27 207 30 209
28 8 29 13
28 14 31 16
28 17 39 17
28 19 29 24
28 25 39 25
28 57 31 59
28 60 30 63
28 66 29 71
28 84 31 86
28 89 31 91
28 99 30 102
28 114 31 116
28 117 30 120
28 125 39 125
28 129 39 129
28 138 29 143
28 187 30 190
28 191 30 194
28 198 31 200
28 214 33 215
28 220 31 222
28 223 31 225
28 230 39 230
28 232 39 232
28 245 31 247
29 3 40 3
29 26 34 27
29 28 30 33
29 35 31 38
29 46 34 47
29 105 31 108
29 121 32 123
29 130 30 135
29 144 40 144
29 160 31 163
29 173 30 178
29 181 31 184
30 6 31 11
30 12 35 13
30 19 31 24
30 41 32 44
30 53 32 56
30 66 32 69
30 70 31 75
30 76 35 77
30 78 35 79
30 87 35 88
30 92 32 95
30 110 32 113
30 137 31 142
30 143 41 143
30 145 41 145
30 155 35 156
30 157 35 158
30 164 32 167
30 169 33 171
30 195 33 197
30 201 35 202
30 210 33 212
30 217 33 219
30 226 33 228
30 235 33 237
30 239 31 244
30 248 35 249
31 28 33 31
31 32 36 33
31 60 32 65
31 99 32 104
31 117 33 120
31 130 33 133
31 134 36 135
31 172 36 173
31 174 33 177
31 178 42 178
31 187 33 190
31 191 36 192
31 193 36 194
31 207 42 207
31 208 42 208
31 209 42 209
31 216 42 216
32 6 33 11
32 14 35 16
32 19 33 24
32 35 33 40
32 50 35 52
32 57 35 59
32 70 33 75
32 81 33 86
32 89 43 89
32 91 43 91
32 105 34 108
32 109 43 109
32 114 35 116
32 136 34 139
32 140 35 142
32 152 37 153
32 160 34 163
32 181 43 181
32 182 37 183
32 184 43 184
32 198 37 199
32 200 43 200
32 203 37 204
32 220 33 225
32 229 43 229
32 231 43 231
32 233 37 234
32 238 35 240
32 241 35 243
32 244 34 247
33 1 38 2
33 41 36 43
33 44 38 45
33 53 35 56
33 60 35 63
33 64 34 69
33 92 34 97
33 99 34 104
33 110 36 112
33 121 36 123
33 126 38 127
33 148 35 151
33 164 35 167
33 168 44 168
33 179 44 179
33 186 44 186
33 205 38 206
34 6 37 8
34 9 37 11
34 19 39 20
34 21 39 22
34 23 39 24
34 28 36 31
34 35 35 40
34 70 45 70
34 71 39 72
34 73 37 75
34 81 35 86
34 117 37 119
34 120 45 120
34 130 36 133
34 169 37 171
34 174 37 176
34 187 36 190
34 195 37 197
34 210 37 212
34 214 39 215
34 217 34 228
34 235 37 237
35 4 46 4
35 18 46 18
35 26 40 27
35 46 40 47
35 64 36 69
35 92 36 97
35 99 38 101
35 102 40 103
35 104 37 107
35 108 46 108
35 136 37 139
35 154 46 154
35 159 36 163
35 185 46 185
35 213 46 213
35 217 37 220
35 221 38 223
35 224 46 224
35 225 37 228
35 244 38 246
35 247 46 247
36 12 38 15
36 16 47 16
36 35 37 40
36 48 41 49
36 50 39 52
36 53 37 58
36 59 41 60
36 61 41 62
36 63 47 63
36 76 38 79
36 81 39 83
36 84 39 86
36 87 41 88
36 90 47 90
36 113 41 114
36 115 41 116
36 140 39 142
36 148 38 151
36 155 38 158
36 164 38 167
36 177 47 177
36 201 41 202
36 238 37 243
36 248 41 249
37 28 39 31
37 32 42 33
37 41 40 43
37 64 40 66
37 67 42 68
37 69 48 69
37 92 38 97
37 110 40 112
37 121 42 122
37 123 48 123
37 130 38 135
37 160 42 161
37 162 42 163
37 172 42 173
37 187 42 188
37 189 38 194
38 5 41 7
38 8 40 11
38 34 43 35
38 36 43 37
38 38 43 39
38 40 49 40
38 53 39 58
38 73 49 73
38 74 43 75
38 80 49 80
38 104 40 107
38 117 49 117
38 119 49 119
38 124 49 124
38 128 49 128
38 136 40 139
38 152 43 153
38 159 49 159
38 169 41 171
38 174 41 176
38 195 40 198
38 199 49 199
38 203 43 204
38 210 43 211
38 217 40 220
38 225 40 228
38 233 40 236
38 237 41 239
38 240 40 243
39 0 42 2
39 12 41 15
39 44 44 45
39 76 41 79
39 92 44 93
39 94 41 97
39 98 42 100
39 101 50 101
39 126 44 127
39 130 40 135
39 146 40 151
39 155 41 158
39 164 41 167
39 180 50 180
39 182 50 182
39 189 40 194
39 205 44 206
39 221 42 223
39 244 42 246
40 17 51 17
40 19 43 21
40 22 42 25
40 28 42 31
40 50 43 52
40 53 41 58
40 71 45 72
40 81 41 86
40 125 51 125
40 129 51 129
40 140 43 142
40 183 51 183
40 212 51 212
40 214 45 215
40 230 51 230
40 232 51 232
41 3 52 3
41 8 43 11
41 26 46 27
41 41 44 43
41 46 46 47
41 64 44 66
41 102 42 107
41 110 46 111
41 112 52 112
41 130 46 131
41 132 43 135
41 136 43 139
41 144 52 144
41 146 42 151
41 189 42 194
41 195 43 198
41 217 43 220
41 225 43 228
41 233 46 234
41 235 46 236
41 240 43 243
42 5 45 7
42 12 44 15
42 48 47 49
42 53 43 58
42 59 44 62
42 76 44 79
42 81 53 81
42 82 47 83
42 84 44 87
42 88 53 88
42 94 44 97
42 113 44 116
42 145 53 145
42 155 44 158
42 164 44 167
42 169 45 171
42 174 45 176
42 201 53 201
42 237 47 238
42 239 53 239
42 248 47 249
43 0 46 2
43 22 45 25
43 28 44 33
43 67 48 68
43 98 46 100
43 102 44 107
43 118 54 118
43 121 48 122
43 146 48 147
43 148 45 151
43 160 45 163
43 172 48 173
43 178 54 178
43 187 45 190
43 191 45 194
43 207 46 209
43 216 54 216
43 221 46 223
43 244 46 246
44 8 47 10
44 11 55 11
44 19 47 21
44 34 45 39
44 50 46 53
44 54 46 57
44 58 55 58
44 74 49 75
44 89 55 89
44 91 55 91
44 109 55 109
44 132 46 135
44 136 47 138
44 139 47 141
44 142 49 143
44 152 55 152
44 181 55 181
44 184 55 184
44 195 46 198
44 200 55 200
44 202 47 204
44 210 49 211
44 217 46 220
44 225 46 228
44 229 55 229
44 231 55 231
44 240 46 243
45 12 47 15
45 28 46 33
45 41 48 43
45 44 50 45
45 59 50 60
45 61 50 62
45 64 48 66
45 76 47 79
45 84 47 87
45 92 46 97
45 102 47 105
45 106 56 106
45 113 47 116
45 126 50 127
45 153 56 153
45 155 47 158
45 164 47 167
45 168 56 168
45 179 56 179
45 186 56 186
45 205 50 206
46 5 49 7
46 22 48 25
46 34 47 39
46 70 57 70
46 71 51 72
46 107 57 107
46 120 57 120
46 148 48 151
46 160 48 163
46 169 49 171
46 174 49 176
46 187 47 192
46 193 51 194
46 214 51 215
47 0 50 2
47 4 58 4
47 26 49 29
47 30 49 33
47 46 52 47
47 50 50 52
47 53 50 55
47 56 52 57
47 92 50 94
47 95 52 96
47 97 49 100
47 108 58 108
47 110 52 111
47 130 49 133
47 134 52 135
47 154 58 154
47 185 58 185
47 195 49 198
47 207 50 209
47 213 58 213
47 217 48 222
47 223 48 228
47 233 52 234
47 235 52 236
47 240 49 243
47 244 49 247
48 8 51 10
48 12 51 14
48 15 53 16
48 18 53 19
48 20 59 20
48 21 59 21
48 34 49 39
48 48 59 48
48 63 59 63
48 76 50 79
48 82 49 87
48 90 59 90
48 103 51 105
48 113 51 115
48 116 59 116
48 136 49 141
48 155 50 158
48 164 50 167
48 177 59 177
48 187 49 192
48 202 59 202
48 203 53 204
48 248 53 249
49 22 51 25
49 41 52 43
49 64 50 69
49 121 52 123
49 146 50 151
49 160 51 163
49 172 54 173
49 217 50 222
49 223 50 228
50 5 53 7
50 26 53 28
50 29 51 34
50 35 51 40
50 73 53 75
50 80 61 80
50 82 51 87
50 97 52 100
50 102 61 102
50 117 61 117
50 119 61 119
50 124 61 124
50 128 61 128
50 130 52 133
50 136 52 139
50 140 52 143
50 169 53 171
50 174 53 176
50 187 51 192
50 195 52 198
50 210 55 211
50 240 52 243
50 244 52 247
51 0 56 1
51 2 62 2
51 44 56 45
51 49 54 51
51 53 56 54
51 55 62 55
51 59 53 62
51 64 52 69
51 76 53 79
51 92 54 94
51 101 62 101
51 126 56 127
51 146 52 151
51 155 54 157
51 158 62 158
51 164 53 167
51 180 62 180
51 182 62 182
51 205 56 206
51 207 54 209
51 217 54 219
51 220 52 225
51 226 54 228
51 237 62 237
51 238 62 238
52 8 57 9
52 10 63 10
52 12 55 14
52 22 57 23
52 24 57 25
52 29 52 40
52 52 63 52
52 71 57 72
52 82 54 85
52 86 57 87
52 103 55 105
52 113 63 113
52 114 63 114
52 115 63 115
52 125 63 125
52 129 63 129
52 159 57 160
52 161 55 163
52 183 63 183
52 187 57 188
52 189 63 189
52 190 54 193
52 194 63 194
52 212 63 212
52 214 57 215
52 230 63 230
52 232 63 232
53 3 64 3
53 29 58 30
53 31 55 34
53 35 55 38
53 39 56 41
53 42 58 43
53 46 58 47
53 56 58 57
53 64 54 69
53 95 54 100
53 110 56 112
53 122 64 122
53 130 55 133
53 134 55 137
53 138 56 140
53 141 56 143
53 144 64 144
53 146 54 151
53 195 56 197
53 198 58 199
53 220 54 225
53 233 55 236
53 240 55 243
53 244 55 247
54 5 57 7
54 15 65 15
54 16 56 19
54 26 57 28
54 59 56 62
54 73 55 78
54 81 65 81
54 88 65 88
54 145 65 145
54 164 56 167
54 169 59 170
54 171 65 171
54 174 57 176
54 201 65 201
54 203 59 204
54 239 65 239
54 248 59 249
55 49 58 51
55 64 56 69
55 82 57 85
55 92 56 97
55 98 58 100
55 118 66 118
55 146 56 151
55 155 58 157
55 172 60 173
55 178 66 178
55 190 57 193
55 207 60 208
55 209 66 209
55 216 57 219
55 220 58 222
55 223 58 225
55 226 58 228
56 11 58 14
56 31 58 34
56 35 58 38
56 58 67 58
56 73 59 75
56 76 58 79
56 89 67 89
56 91 67 91
56 103 59 105
56 109 67 109
56 123 67 123
56 130 61 131
56 132 61 133
56 134 58 137
56 152 67 152
56 161 59 163
56 181 67 181
56 184 67 184
56 200 67 200
56 210 61 211
56 229 67 229
56 233 58 236
56 240 57 245
56 246 61 247
57 0 62 1
57 16 59 19
57 39 60 41
57 44 62 45
57 53 62 54
57 59 59 62
57 64 62 65
57 66 59 69
57 92 58 97
57 106 68 106
57 110 62 111
57 112 68 112
57 121 68 121
57 126 62 127
57 138 58 143
57 146 58 151
57 153 68 153
57 164 60 166
57 167 68 167
57 168 68 168
57 179 68 179
57 186 68 186
57 195 60 197
57 205 62 206
57 231 68 231
58 5 69 5
58 6 60 9
58 22 61 24
58 25 60 28
58 70 61 72
58 82 63 83
58 84 60 87
58 107 69 107
58 120 69 120
58 159 69 159
58 160 69 160
58 174 61 176
58 187 63 188
58 190 69 190
58 191 61 193
58 214 59 219
58 240 59 245
59 4 70 4
59 11 61 14
59 29 60 34
59 35 61 38
59 42 64 43
59 46 64 47
59 49 62 51
59 56 70 56
59 57 70 57
59 76 61 79
59 92 60 97
59 98 62 100
59 108 70 108
59 134 61 137
59 138 60 143
59 146 60 151
59 154 61 157
59 185 70 185
59 198 64 199
59 213 70 213
59 220 64 221
59 222 61 225
59 226 62 228
59 233 61 236
60 16 61 21
60 48 71 48
60 59 62 62
60 63 71 63
60 66 62 69
60 73 63 75
60 90 71 90
60 103 63 105
60 161 65 162
60 163 71 163
60 169 71 169
60 177 71 177
60 202 63 204
60 214 61 219
60 240 61 245
60 248 65 249
61 6 66 7
61 8 66 9
61 25 62 30
61 31 63 34
61 39 64 41
61 84 63 87
61 92 62 97
61 138 62 143
61 146 62 151
61 164 64 166
61 172 66 173
61 195 64 197
61 207 66 208
62 11 64 14
62 16 64 19
62 20 67 21
62 22 65 24
62 35 65 37
62 38 73 38
62 70 65 72
62 76 65 78
62 79 67 80
62 102 73 102
62 116 67 117
62 119 73 119
62 124 73 124
62 130 67 131
62 132 65 134
62 135 65 137
62 154 65 156
62 157 73 157
62 174 65 176
62 191 65 193
62 210 67 211
62 214 63 219
62 222 64 225
62 233 64 236
62 240 64 243
62 244 64 247
63 0 66 2
63 25 68 26
63 27 65 30
63 44 68 45
63 49 66 51
63 53 66 55
63 59 65 62
63 64 65 67
63 68 68 69
63 92 66 94
63 95 66 97
63 98 65 101
63 110 68 111
63 126 66 128
63 138 64 143
63 146 64 151
63 158 74 158
63 180 74 180
63 205 68 206
63 226 66 228
63 237 68 238
64 31 75 31
64 32 67 34
64 73 67 75
64 82 66 85
64 86 69 87
64 103 67 105
64 113 67 115
64 125 75 125
64 129 75 129
64 182 69 183
64 187 67 189
64 194 75 194
64 202 67 204
64 212 75 212
64 214 65 219
64 230 75 230
65 3 76 3
65 10 67 13
65 14 76 14
65 16 68 18
65 19 76 19
65 39 67 42
65 46 70 47
65 122 76 122
65 138 67 141
65 142 68 144
65 146 66 151
65 164 68 166
65 195 68 197
65 198 70 199
65 220 68 222
65 223 68 225
65 232 68 234
65 235 76 235
65 240 67 243
65 244 67 247
66 15 77 15
66 22 69 24
66 27 68 30
66 35 69 37
66 52 77 52
66 59 68 62
66 64 71 65
66 66 71 67
66 70 69 72
66 76 69 78
66 81 77 81
66 98 68 101
66 132 67 137
66 145 77 145
66 154 69 156
66 161 71 162
66 170 71 171
66 174 69 176
66 191 77 191
66 192 77 192
66 193 77 193
66 214 67 219
66 248 71 249
67 0 70 2
67 6 69 9
67 49 70 51
67 53 70 55
67 82 69 85
67 88 78 88
67 92 72 93
67 94 72 95
67 96 72 97
67 118 78 118
67 126 70 128
67 146 69 149
67 150 72 151
67 172 72 173
67 178 78 178
67 207 70 209
67 226 70 228
67 236 78 236
68 10 70 13
68 20 79 20
68 32 71 34
68 39 70 42
68 58 79 58
68 73 71 75
68 79 79 79
68 80 79 80
68 89 79 89
68 91 79 91
68 103 73 104
68 105 79 105
68 109 79 109
68 113 71 115
68 116 73 117
68 123 79 123
68 130 71 132
68 133 70 136
68 137 70 140
68 141 79 141
68 152 79 152
68 181 79 181
68 184 79 184
68 187 71 189
68 200 71 202
68 203 73 204
68 210 79 210
68 214 69 219
68 229 79 229
68 239 70 242
68 243 70 246
68 247 79 247
69 16 72 18
69 21 80 21
69 25 71 28
69 29 80 29
69 30 80 30
69 43 72 45
69 59 71 62
69 68 74 69
69 98 71 101
69 106 80 106
69 110 72 112
69 121 80 121
69 142 72 144
69 153 80 153
69 165 71 168
69 179 80 179
69 186 80 186
69 195 72 197
69 205 74 206
69 220 71 223
69 224 74 225
69 231 71 234
69 237 74 238
70 5 72 8
70 9 81 9
70 22 73 24
70 35 73 37
70 70 73 72
70 76 73 78
70 82 71 87
70 107 81 107
70 146 72 149
70 154 81 154
70 156 81 156
70 159 75 160
70 164 81 164
70 174 73 176
70 183 81 183
70 190 81 190
70 214 71 219
71 0 74 2
71 4 82 4
71 10 73 13
71 39 73 42
71 46 76 47
71 49 74 51
71 53 74 55
71 56 76 57
71 126 74 128
71 133 73 136
71 137 73 140
71 185 82 185
71 198 76 199
71 207 74 209
71 211 82 211
71 226 74 228
71 239 73 242
71 243 73 246
72 25 74 28
72 32 75 34
72 48 83 48
72 59 74 62
72 63 74 66
72 73 75 75
72 82 75 84
72 85 77 86
72 87 83 87
72 90 83 90
72 98 74 101
72 113 77 114
72 115 83 115
72 130 75 132
72 161 75 163
72 165 74 168
72 169 75 171
72 187 75 189
72 200 75 202
72 213 77 214
72 215 74 218
72 219 74 222
72 223 83 223
72 231 77 232
72 233 77 234
72 248 77 249
73 5 75 8
73 16 76 18
73 43 76 45
73 92 76 94
73 95 78 96
73 97 84 97
73 108 84 108
73 111 78 112
73 142 76 144
73 146 74 151
73 172 78 173
73 177 84 177
73 195 76 197
74 10 76 13
74 22 77 24
74 35 77 37
74 38 79 39
74 40 77 42
74 71 79 72
74 76 77 78
74 102 77 104
74 116 79 117
74 124 85 124
74 133 75 138
74 140 85 140
74 157 85 157
74 175 79 176
74 203 79 204
74 241 75 246
75 0 78 2
75 25 80 26
75 27 80 28
75 49 78 51
75 53 80 54
75 59 77 62
75 63 78 65
75 66 77 69
75 98 77 101
75 110 86 110
75 119 86 119
75 126 78 128
75 146 76 151
75 158 86 158
75 165 77 168
75 180 86 180
75 205 80 206
75 207 78 209
75 215 78 217
75 218 77 221
75 222 86 222
75 224 78 226
75 227 80 228
75 237 78 239
76 5 78 8
76 31 78 34
76 73 79 75
76 82 79 84
76 125 87 125
76 129 77 134
76 135 78 138
76 155 87 155
76 159 81 160
76 161 79 163
76 169 81 170
76 171 87 171
76 174 87 174
76 187 79 189
76 200 79 202
76 212 87 212
76 240 77 245
76 246 87 246
77 3 88 3
77 10 82 11
77 12 80 14
77 16 79 19
77 43 79 46
77 47 88 47
77 55 80 57
77 92 80 94
77 122 88 122
77 139 88 139
77 142 80 144
77 146 82 147
77 148 82 149
77 150 82 151
77 194 78 199
77 230 88 230
77 235 88 235
78 22 81 24
78 35 81 37
78 40 81 42
78 52 89 52
78 59 80 62
78 66 80 69
78 78 89 78
78 81 89 81
78 85 83 86
78 98 79 103
78 104 89 104
78 114 89 114
78 129 79 134
78 145 89 145
78 165 80 168
78 191 81 193
78 213 83 214
78 218 80 221
78 231 80 234
78 240 79 245
78 248 83 249
79 0 82 2
79 5 81 8
79 31 81 34
79 49 82 51
79 63 82 65
79 76 90 76
79 88 90 88
79 95 84 96
79 111 82 113
79 118 90 118
79 126 82 128
79 135 81 138
79 172 84 173
79 178 90 178
79 196 82 198
79 199 90 199
79 207 82 209
79 215 82 217
79 224 82 226
79 236 81 239
80 15 83 17
80 18 83 20
80 38 91 38
80 39 91 39
80 43 82 46
80 58 91 58
80 70 81 75
80 79 85 80
80 82 83 84
80 89 91 89
80 91 91 91
80 98 81 103
80 105 91 105
80 109 91 109
80 116 91 116
80 117 91 117
80 123 91 123
80 129 81 134
80 141 91 141
80 152 91 152
80 161 83 163
80 175 85 176
80 181 85 182
80 184 91 184
80 187 83 189
80 200 82 203
80 210 91 210
80 229 91 229
80 240 81 245
80 247 91 247
81 12 84 14
81 21 92 21
81 25 82 30
81 53 83 56
81 57 92 57
81 59 83 62
81 66 83 69
81 92 84 94
81 106 92 106
81 121 92 121
81 142 84 144
81 153 92 153
81 165 83 168
81 179 92 179
81 186 92 186
81 194 92 194
81 204 84 206
81 218 83 221
81 227 86 228
81 231 83 234
82 5 84 8
82 9 93 9
82 22 85 24
82 31 83 36
82 37 93 37
82 40 85 42
82 70 83 75
82 77 93 77
82 98 83 103
82 107 93 107
82 129 85 131
82 132 87 133
82 134 84 137
82 138 93 138
82 154 93 154
82 156 93 156
82 159 93 159
82 164 93 164
82 169 87 170
82 183 93 183
82 190 84 193
82 236 85 238
82 239 84 242
82 243 85 245
83 0 86 2
83 4 94 4
83 10 88 11
83 25 86 27
83 28 86 30
83 43 88 44
83 46 94 46
83 49 86 51
83 63 88 64
83 65 94 65
83 111 86 113
83 126 86 128
83 146 84 151
83 195 85 198
83 200 85 203
83 207 86 209
83 215 86 217
83 224 94 224
83 225 94 225
83 226 94 226
84 15 85 20
84 31 85 36
84 45 95 45
84 48 95 48
84 53 86 56
84 59 86 62
84 66 86 69
84 70 85 75
84 82 85 87
84 90 95 90
84 98 85 103
84 115 95 115
84 160 86 163
84 165 86 168
84 185 95 185
84 187 87 189
84 213 89 214
84 218 86 221
84 223 95 223
84 231 86 234
84 248 89 249
85 5 87 8
85 12 88 14
85 92 88 94
85 95 96 95
85 96 90 97
85 108 96 108
85 120 96 120
85 134 87 137
85 142 96 142
85 143 96 143
85 144 96 144
85 146 86 151
85 172 90 173
85 177 96 177
85 190 87 193
85 204 88 206
85 239 87 242
86 15 91 16
86 18 97 18
86 19 91 20
86 22 89 24
86 31 87 36
86 40 89 42
86 70 88 73
86 74 91 75
86 79 91 80
86 82 87 87
86 98 87 103
86 124 97 124
86 129 89 131
86 140 97 140
86 157 97 157
86 175 91 176
86 181 91 182
86 195 97 195
86 196 89 198
86 200 88 203
86 211 97 211
86 236 89 238
86 243 89 245
87 0 92 1
87 2 98 2
87 25 89 28
87 29 92 30
87 49 90 51
87 53 92 54
87 55 98 55
87 56 98 56
87 59 89 62
87 66 98 66
87 67 92 68
87 69 98 69
87 110 89 113
87 119 98 119
87 126 90 128
87 146 88 151
87 158 98 158
87 161 90 163
87 165 89 168
87 180 98 180
87 207 90 209
87 215 89 218
87 219 89 222
87 227 92 228
87 231 89 234
88 5 90 8
88 17 99 17
88 31 93 32
88 33 90 36
88 82 89 87
88 98 89 103
88 125 99 125
88 132 89 137
88 155 99 155
88 169 91 171
88 174 99 174
88 187 89 192
88 193 99 193
88 212 99 212
88 239 90 242
88 246 99 246
89 3 100 3
89 10 94 11
89 12 100 12
89 13 100 13
89 14 100 14
89 47 100 47
89 63 94 64
89 70 91 73
89 92 92 94
89 122 100 122
89 139 100 139
89 147 91 150
89 151 100 151
89 200 91 203
89 204 92 206
89 230 100 230
89 235 100 235
90 22 92 25
90 26 93 28
90 40 92 43
90 52 101 52
90 59 92 62
90 78 101 78
90 81 92 84
90 85 93 87
90 98 101 98
90 99 91 104
90 110 92 113
90 129 91 134
90 135 93 137
90 145 101 145
90 165 92 168
90 187 91 192
90 196 93 198
90 213 95 214
90 215 91 220
90 221 95 222
90 231 92 234
90 236 93 238
90 243 93 245
90 248 95 249
91 5 93 8
91 33 93 36
91 49 94 51
91 76 102 76
91 96 96 97
91 118 102 118
91 126 94 128
91 160 93 163
91 172 96 173
91 178 102 178
91 199 102 199
91 207 96 208
91 209 102 209
91 239 93 242
92 19 97 20
92 38 103 38
92 39 103 39
92 70 93 75
92 79 97 80
92 88 97 89
92 91 103 91
92 99 103 99
92 100 103 100
92 101 103 101
92 102 94 105
92 109 103 109
92 116 97 117
92 123 103 123
92 129 93 134
92 141 103 141
92 146 94 149
92 152 103 152
92 169 95 171
92 175 97 176
92 181 97 182
92 187 93 192
92 200 94 203
92 210 103 210
92 215 103 215
92 216 97 217
92 218 103 218
92 219 103 219
92 229 103 229
92 247 103 247
93 1 104 1
93 15 98 16
93 21 96 23
93 24 98 25
93 29 98 30
93 40 95 43
93 44 104 44
93 53 98 54
93 57 94 62
93 67 98 68
93 81 95 84
93 92 98 93
93 106 104 106
93 110 95 113
93 153 104 153
93 165 95 168
93 179 104 179
93 184 104 184
93 186 104 186
93 194 104 194
93 204 96 206
93 227 98 228
93 231 95 234
94 5 96 8
94 9 105 9
94 26 99 27
94 28 105 28
94 31 97 33
94 34 97 36
94 37 105 37
94 70 95 75
94 77 105 77
94 85 97 87
94 94 105 94
94 107 105 107
94 129 97 131
94 132 97 134
94 135 96 138
94 154 105 154
94 159 97 161
94 162 97 164
94 183 105 183
94 187 95 192
94 196 97 198
94 220 105 220
94 236 96 239
94 240 95 245
95 4 106 4
95 10 100 11
95 46 106 46
95 49 98 51
95 57 96 62
95 63 98 65
95 102 97 105
95 126 98 128
95 146 97 149
95 150 106 150
95 200 97 203
95 225 100 226
96 40 98 43
96 45 107 45
96 48 107 48
96 70 98 73
96 74 101 75
96 81 98 84
96 90 107 90
96 110 98 113
96 115 107 115
96 165 97 170
96 171 107 171
96 185 107 185
96 187 97 192
96 213 101 214
96 221 98 224
96 231 98 234
96 240 97 245
96 248 101 249
97 5 99 8
97 21 100 23
97 57 98 62
97 95 100 97
97 108 108 108
97 120 102 121
97 135 99 138
97 142 108 142
97 143 102 144
97 172 108 172
97 177 108 177
97 204 99 207
97 208 108 208
97 236 99 239
98 18 101 20
98 31 99 36
98 79 103 80
98 85 101 87
98 88 103 89
98 102 100 105
98 116 109 116
98 124 109 124
98 129 101 131
98 132 101 134
98 140 109 140
98 146 100 149
98 156 103 157
98 159 100 162
98 163 101 165
98 166 100 169
98 170 109 170
98 175 103 176
98 181 103 182
98 187 99 192
98 195 100 198
98 200 100 203
98 211 109 211
98 216 103 217
98 240 100 243
98 244 109 244
98 245 109 245
99 2 110 2
99 15 104 16
99 24 110 24
99 25 110 25
99 29 110 29
99 30 110 30
99 40 110 40
99 41 102 43
99 49 102 51
99 53 104 54
99 55 100 60
99 61 100 66
99 67 102 69
99 70 110 70
99 71 110 71
99 72 110 72
99 73 110 73
99 81 101 84
99 92 104 93
99 110 102 112
99 113 104 114
99 119 110 119
99 126 102 128
99 158 110 158
99 180 110 180
99 221 102 223
99 224 110 224
99 227 104 228
99 231 101 234
100 0 111 0
100 5 102 8
100 17 111 17
100 26 105 27
100 31 101 36
100 117 111 117
100 125 111 125
100 135 102 138
100 173 105 174
100 187 101 192
100 193 111 193
100 204 102 207
100 212 111 212
100 236 102 239
101 3 112 3
101 10 103 13
101 14 112 14
101 21 104 23
101 55 103 58
101 59 106 60
101 61 106 62
101 63 103 66
101 95 106 96
101 97 112 97
101 102 106 103
101 104 106 105
101 122 112 122
101 146 103 149
101 151 112 151
101 159 103 162
101 166 103 169
101 195 103 198
101 200 103 203
101 225 106 226
101 230 112 230
101 235 112 235
101 240 103 243
101 246 112 246
102 18 105 20
102 31 107 32
102 33 104 36
102 52 113 52
102 74 113 74
102 75 113 75
102 78 113 78
102 81 107 82
102 83 104 86
102 87 113 87
102 98 113 98
102 129 105 131
102 132 105 134
102 145 113 145
102 163 107 164
102 165 113 165
102 187 103 192
102 213 107 214
102 231 104 234
102 248 107 249
103 5 105 8
103 41 106 43
103 49 106 51
103 67 106 69
103 76 114 76
103 110 106 112
103 120 108 121
103 126 106 128
103 135 105 138
103 143 108 144
103 199 114 199
103 204 106 206
103 207 114 207
103 209 114 209
103 221 114 221
103 222 114 222
103 223 114 223
103 236 105 239
104 10 106 13
104 38 109 39
104 47 115 47
104 55 106 58
104 63 106 66
104 79 109 80
104 88 109 89
104 91 115 91
104 99 107 101
104 123 115 123
104 139 115 139
104 141 115 141
104 146 106 149
104 152 115 152
104 155 107 157
104 160 109 161
104 162 115 162
104 166 106 169
104 175 109 176
104 181 109 182
104 187 105 192
104 195 106 198
104 200 106 203
104 215 107 217
104 218 115 218
104 229 115 229
104 240 106 243
104 247 115 247
105 1 116 1
105 15 110 16
105 21 108 23
105 33 107 36
105 44 116 44
105 53 110 54
105 83 107 86
105 92 110 93
105 113 110 114
105 153 116 153
105 179 116 179
105 184 116 184
105 186 116 186
105 219 116 219
105 227 110 228
105 231 107 234
106 5 108 8
106 18 109 20
106 26 109 28
106 37 117 37
106 77 117 77
106 94 117 94
106 106 111 107
106 129 109 131
106 132 109 134
106 135 108 138
106 154 117 154
106 173 111 174
106 183 117 183
106 187 107 192
106 194 117 194
106 220 117 220
106 236 108 239
107 4 118 4
107 9 110 11
107 12 112 13
107 41 110 43
107 46 118 46
107 49 110 51
107 55 112 56
107 57 112 58
107 59 109 62
107 63 118 63
107 64 118 64
107 65 112 66
107 67 110 69
107 95 112 96
107 102 112 103
107 104 118 104
107 105 118 105
107 109 109 112
107 118 118 118
107 126 110 128
107 146 110 148
107 149 118 149
107 166 109 169
107 178 118 178
107 195 109 198
107 200 109 203
107 204 110 206
107 210 118 210
107 225 112 226
107 240 109 243
108 31 109 36
108 45 119 45
108 48 119 48
108 81 109 86
108 99 111 101
108 115 119 115
108 155 111 157
108 159 119 159
108 163 113 164
108 171 119 171
108 185 119 185
108 187 109 192
108 213 110 216
108 217 119 217
108 231 119 231
108 232 113 233
108 248 113 249
109 5 111 8
109 21 114 22
109 23 120 23
109 108 120 108
109 120 114 121
109 135 111 138
109 142 112 144
109 172 120 172
109 208 120 208
109 236 114 237
109 238 120 238
109 239 120 239
110 18 113 20
110 26 113 28
110 31 111 36
110 38 115 39
110 59 112 62
110 79 112 82
110 83 112 86
110 88 113 90
110 109 112 112
110 116 121 116
110 124 121 124
110 129 111 134
110 140 121 140
110 150 121 150
110 160 115 161
110 166 112 169
110 170 121 170
110 175 121 175
110 176 115 177
110 181 115 182
110 187 111 192
110 195 112 198
110 200 112 203
110 211 121 211
110 240 111 245
111 2 122 2
111 9 114 11
111 15 116 16
111 24 116 25
111 29 116 30
111 40 114 42
111 49 122 49
111 50 122 50
111 51 122 51
111 53 116 54
111 67 112 72
111 92 122 92
111 93 122 93
111 113 116 114
111 119 122 119
111 126 116 127
111 128 122 128
111 146 114 148
111 158 122 158
111 180 122 180
111 204 114 206
111 213 113 216
111 224 122 224
111 227 116 228
112 0 123 0
112 5 114 8
112 17 123 17
112 31 113 36
112 43 123 43
112 99 115 101
112 106 117 107
112 117 123 117
112 125 123 125
112 129 115 131
112 132 114 135
112 136 115 138
112 155 115 157
112 173 117 174
112 187 123 187
112 188 113 193
112 212 123 212
112 240 115 242
112 243 115 245
113 3 124 3
113 13 118 14
113 55 115 58
113 59 115 62
113 65 116 67
113 68 114 73
113 79 115 82
113 83 115 86
113 95 116 97
113 102 118 103
113 109 115 112
113 142 116 144
113 151 124 151
113 166 115 169
113 195 115 198
113 200 118 201
113 202 118 203
113 225 118 226
113 230 124 230
113 234 118 235
113 246 124 246
114 18 117 20
114 26 117 28
114 31 115 36
114 52 125 52
114 74 119 75
114 78 125 78
114 87 116 90
114 98 125 98
114 145 125 145
114 163 125 163
114 164 125 164
114 165 125 165
114 188 115 193
114 213 119 214
114 216 125 216
114 232 119 233
114 248 119 249
115 5 126 5
115 6 120 7
115 8 117 11
115 21 120 22
115 40 118 42
115 68 116 73
115 76 126 76
115 120 118 122
115 132 117 135
115 146 118 148
115 199 126 199
115 204 117 207
115 209 126 209
115 221 118 223
115 236 120 237
116 31 117 36
116 38 121 39
116 47 127 47
116 55 118 58
116 59 118 62
116 79 117 84
116 85 121 86
116 91 127 91
116 99 119 101
116 109 121 110
116 111 121 112
116 123 127 123
116 129 119 131
116 136 118 139
116 141 127 141
116 152 127 152
116 155 119 157
116 160 119 162
116 166 118 169
116 176 121 177
116 181 121 182
116 188 118 191
116 192 121 193
116 195 118 198
116 215 127 215
116 218 127 218
116 229 127 229
116 240 119 242
116 243 119 245
116 247 127 247
117 15 128 15
117 16 128 16
117 24 122 25
117 29 122 30
117 44 128 44
117 53 128 53
117 65 128 65
117 66 120 68
117 69 119 72
117 87 119 90
117 95 120 97
117 113 122 114
117 126 128 126
117 127 128 127
117 142 120 144
117 153 128 153
117 179 128 179
117 219 128 219
117 227 122 228
118 8 121 10
118 11 123 12
118 18 121 20
118 26 121 28
118 31 119 36
118 37 129 37
118 54 129 54
118 77 129 77
118 79 119 84
118 94 129 94
118 106 129 106
118 107 129 107
118 132 120 135
118 173 123 174
118 183 123 184
118 186 129 186
118 194 129 194
118 204 120 207
118 220 129 220
119 1 130 1
119 4 130 4
119 13 124 14
119 40 130 40
119 41 130 41
119 42 130 42
119 46 130 46
119 55 121 58
119 59 120 64
119 102 121 105
119 118 130 118
119 120 122 122
119 136 121 139
119 146 121 149
119 166 122 168
119 178 130 178
119 188 121 191
119 195 121 198
119 200 121 203
119 210 130 210
119 221 122 223
119 225 124 226
119 234 124 235
120 31 125 32
120 33 122 36
120 45 131 45
120 48 131 48
120 69 122 72
120 73 123 75
120 79 122 82
120 83 125 84
120 87 122 90
120 99 123 101
120 115 131 115
120 129 131 129
120 130 131 130
120 131 131 131
120 154 122 157
120 159 122 162
120 171 131 171
120 185 131 185
120 213 125 214
120 217 131 217
120 231 123 233
120 240 121 245
120 248 125 249
121 6 126 7
121 21 132 21
121 59 122 64
121 66 124 68
121 95 124 97
121 108 132 108
121 132 123 135
121 142 124 144
121 204 126 205
121 206 124 208
121 236 123 239
122 8 125 10
122 18 125 20
122 26 125 28
122 38 127 39
122 55 133 55
122 56 133 56
122 57 127 58
122 85 127 86
122 102 124 105
122 110 133 110
122 111 127 112
122 116 133 116
122 124 133 124
122 136 125 138
122 139 127 140
122 146 124 149
122 150 133 150
122 169 127 170
122 175 127 176
122 177 133 177
122 181 127 182
122 188 123 193
122 195 133 195
122 196 127 197
122 198 133 198
122 200 124 203
122 211 133 211
122 240 123 245
123 2 134 2
123 23 128 24
123 25 134 25
123 29 128 30
123 33 125 36
123 49 126 51
123 59 125 62
123 63 128 64
123 69 128 70
123 71 134 71
123 72 134 72
123 79 125 82
123 87 125 90
123 92 128 93
123 113 128 114
123 119 125 122
123 154 128 155
123 156 126 158
123 159 125 162
123 166 126 168
123 172 134 172
123 180 134 180
123 221 125 224
123 227 128 228
124 11 129 12
124 22 135 22
124 43 135 43
124 73 127 75
124 99 127 101
124 117 135 117
124 125 135 125
124 128 135 128
124 132 126 135
124 173 129 174
124 183 129 184
124 187 125 192
124 193 135 193
124 212 135 212
124 231 127 233
124 236 126 239
124 240 125 245
125 3 136 3
125 13 130 14
125 66 128 68
125 95 128 97
125 102 127 105
125 142 128 144
125 146 127 149
125 151 136 151
125 200 127 203
125 206 128 208
125 225 130 226
125 234 130 235
126 0 137 0
126 8 129 10
126 17 128 20
126 26 129 28
126 31 127 36
126 52 137 52
126 59 128 62
126 78 128 81
126 82 131 83
126 84 137 84
126 87 128 90
126 98 137 98
126 109 137 109
126 119 128 122
126 136 129 138
126 145 137 145
126 159 129 161
126 162 128 165
126 187 127 192
126 213 131 214
126 216 137 216
126 221 128 224
126 230 137 230
126 240 129 242
126 243 128 246
126 248 131 249
127 5 132 6
127 7 138 7
127 49 130 51
127 76 138 76
127 132 132 133
127 134 132 135
127 156 130 158
127 166 130 168
127 199 138 199
127 204 138 204
127 205 138 205
127 209 138 209
127 236 129 239
128 31 129 36
128 38 139 38
128 47 139 47
128 57 133 58
128 74 133 75
128 85 133 86
128 91 139 91
128 99 131 101
128 102 130 105
128 111 133 112
128 139 131 141
128 146 131 148
128 149 139 149
128 169 133 170
128 176 139 176
128 181 133 182
128 187 129 192
128 196 139 196
128 197 139 197
128 200 130 203
128 215 139 215
128 218 139 218
128 229 139 229
128 231 131 233
128 247 139 247
129 15 130 20
129 23 134 24
129 29 134 30
129 39 140 39
129 44 140 44
129 53 140 53
129 59 131 62
129 63 134 64
129 65 130 70
129 73 140 73
129 78 131 81
129 87 131 90
129 92 134 93
129 95 132 97
129 113 134 114
129 119 132 121
129 122 134 123
129 126 134 127
129 142 132 144
129 152 131 155
129 162 131 165
129 175 140 175
129 179 140 179
129 206 132 208
129 219 140 219
129 221 131 224
129 227 134 228
129 243 131 246
130 8 132 11
130 26 133 28
130 31 131 36
130 37 141 37
130 54 141 54
130 94 141 94
130 106 135 107
130 136 133 138
130 159 133 161
130 173 135 174
130 183 135 184
130 186 132 189
130 190 135 191
130 192 141 192
130 194 141 194
130 220 141 220
130 236 133 238
130 239 132 242
131 1 142 1
131 4 142 4
131 12 133 15
131 16 133 19
131 20 142 20
131 40 134 42
131 46 142 46
131 49 134 51
131 65 132 70
131 102 133 105
131 118 142 118
131 156 134 158
131 166 134 168
131 178 142 178
131 200 133 203
131 210 142 210
131 225 136 226
131 234 136 235
132 31 133 36
132 45 143 45
132 48 143 48
132 59 134 62
132 78 137 79
132 80 143 80
132 82 137 83
132 87 134 90
132 99 135 101
132 129 135 131
132 139 135 141
132 146 135 148
132 152 134 155
132 162 134 165
132 171 143 171
132 185 143 185
132 213 137 214
132 217 143 217
132 221 134 224
132 231 135 233
132 243 134 246
132 248 137 249
133 5 138 6
133 8 135 11
133 65 134 70
133 95 136 97
133 108 144 108
133 115 144 115
133 119 136 121
133 132 138 133
133 135 144 135
133 142 136 144
133 186 135 189
133 206 136 208
133 239 135 242
134 12 137 14
134 15 137 17
134 18 139 19
134 26 137 28
134 31 135 36
134 55 136 58
134 74 139 75
134 77 145 77
134 85 139 86
134 102 136 105
134 110 139 111
134 112 145 112
134 116 145 116
134 136 137 138
134 159 137 161
134 169 145 169
134 170 145 170
134 181 139 182
134 195 145 195
134 198 145 198
134 200 136 203
134 211 145 211
134 236 137 238
135 2 146 2
135 23 138 25
135 29 140 30
135 40 138 42
135 49 138 51
135 59 137 62
135 63 140 64
135 65 140 66
135 67 136 72
135 87 137 90
135 92 146 92
135 93 146 93
135 113 140 114
135 122 138 124
135 126 146 126
135 127 146 127
135 152 137 155
135 156 138 158
135 162 138 164
135 165 137 168
135 172 146 172
135 180 146 180
135 221 137 224
135 227 140 228
135 243 137 246
136 8 138 11
136 22 147 22
136 31 147 31
136 33 139 35
136 36 147 36
136 99 139 101
136 106 141 107
136 117 147 117
136 125 147 125
136 128 138 131
136 139 139 141
136 146 139 148
136 173 141 174
136 177 147 177
136 183 141 184
136 186 137 191
136 212 147 212
136 231 139 233
136 239 138 242
137 3 148 3
137 21 148 21
137 43 148 43
137 55 139 58
137 67 138 72
137 95 140 97
137 102 139 105
137 119 140 121
137 134 148 134
137 142 140 144
137 150 142 151
137 193 148 193
137 200 139 203
137 206 140 208
137 225 142 226
137 234 142 235
138 0 149 0
138 12 139 17
138 26 141 28
138 32 149 32
138 52 149 52
138 59 140 62
138 78 143 79
138 81 140 84
138 87 140 90
138 98 149 98
138 109 149 109
138 136 141 138
138 152 140 155
138 159 149 159
138 160 143 161
138 165 140 168
138 186 139 191
138 213 143 214
138 216 149 216
138 221 140 224
138 230 149 230
138 236 149 236
138 237 149 237
138 243 140 246
138 248 143 249
139 5 141 8
139 9 142 11
139 23 142 25
139 40 142 42
139 49 142 51
139 67 140 72
139 122 142 124
139 128 140 133
139 145 150 145
139 156 142 158
139 162 142 164
139 199 150 199
139 204 144 205
139 209 150 209
139 238 144 239
139 240 142 242
140 12 142 15
140 16 145 17
140 18 145 19
140 33 143 35
140 38 151 38
140 47 151 47
140 55 142 58
140 74 143 76
140 85 145 86
140 99 142 102
140 103 143 105
140 139 143 141
140 146 142 149
140 176 151 176
140 181 145 182
140 186 141 191
140 196 145 197
140 200 142 203
140 215 151 215
140 218 151 218
140 229 151 229
140 231 143 233
140 247 151 247
141 29 146 30
141 39 152 39
141 44 152 44
141 53 152 53
141 59 142 64
141 65 143 68
141 69 143 72
141 81 143 84
141 87 143 90
141 95 144 97
141 111 152 111
141 113 146 114
141 119 144 121
141 128 144 130
141 131 144 133
141 142 144 144
141 152 143 155
141 165 143 168
141 175 152 175
141 179 152 179
141 206 144 208
141 219 152 219
141 221 143 224
141 227 146 228
141 243 143 246
142 5 144 8
142 26 145 28
142 37 153 37
142 54 153 54
142 91 153 91
142 94 153 94
142 106 147 107
142 136 147 137
142 138 153 138
142 173 153 173
142 174 153 174
142 183 147 184
142 186 145 188
142 189 144 192
142 194 153 194
142 220 153 220
143 1 154 1
143 4 154 4
143 9 146 11
143 12 145 15
143 20 154 20
143 23 146 25
143 40 146 42
143 49 146 51
143 55 145 58
143 59 144 64
143 73 154 73
143 99 145 102
143 118 154 118
143 122 148 123
143 124 154 124
143 146 144 151
143 157 148 158
143 162 146 164
143 178 154 178
143 200 145 203
143 210 154 210
143 225 148 226
143 234 148 235
143 240 148 241
144 33 147 35
144 45 149 46
144 48 155 48
144 65 149 66
144 67 145 72
144 74 147 76
144 78 145 83
144 84 155 84
144 87 146 90
144 103 147 105
144 139 147 141
144 152 146 155
144 160 149 161
144 165 146 168
144 171 155 171
144 185 155 185
144 213 149 214
144 217 155 217
144 221 146 224
144 232 149 233
144 242 146 245
144 246 155 246
144 248 149 249
145 5 147 8
145 59 146 64
145 95 148 97
145 108 156 108
145 119 148 121
145 128 146 133
145 135 156 135
145 142 148 144
145 146 146 151
145 189 147 192
145 204 148 206
145 207 150 208
145 238 150 239
146 12 149 14
146 15 151 16
146 17 157 17
146 18 157 18
146 19 157 19
146 26 149 28
146 55 157 55
146 56 149 58
146 67 147 72
146 77 148 80
146 81 149 83
146 85 151 86
146 99 148 102
146 112 157 112
146 116 157 116
146 169 151 170
146 181 151 182
146 186 149 188
146 195 148 198
146 200 148 203
146 211 157 211
147 2 158 2
147 9 150 11
147 23 150 25
147 29 152 30
147 40 150 42
147 49 150 51
147 59 148 64
147 87 149 90
147 92 152 93
147 113 150 115
147 126 150 128
147 129 150 131
147 132 152 133
147 146 149 149
147 150 148 155
147 162 149 165
147 166 150 168
147 172 158 172
147 180 158 180
147 221 152 222
147 223 152 224
147 227 152 228
147 242 158 242
147 243 158 243
147 245 158 245
148 5 150 8
148 22 159 22
148 31 159 31
148 33 150 36
148 67 149 72
148 74 159 74
148 75 159 75
148 76 159 76
148 103 150 106
148 107 159 107
148 110 159 110
148 117 159 117
148 125 159 125
148 136 153 137
148 139 151 141
148 177 159 177
148 183 153 184
148 189 150 192
148 212 159 212
148 231 159 231
149 3 160 3
149 21 160 21
149 43 160 43
149 59 154 60
149 61 151 64
149 77 151 80
149 95 152 97
149 99 151 102
149 119 151 122
149 123 160 123
149 134 160 134
149 142 152 144
149 150 152 152
149 153 152 155
149 156 152 158
149 193 160 193
149 195 151 198
149 200 151 203
149 204 152 206
149 225 154 226
149 234 154 235
149 240 154 241
150 0 161 0
150 12 153 14
150 26 153 28
150 32 161 32
150 45 155 46
150 52 161 52
150 56 153 58
150 65 153 67
150 68 152 71
150 72 161 72
150 81 153 83
150 87 152 90
150 98 161 98
150 109 161 109
150 146 153 148
150 159 152 162
150 163 153 165
150 186 153 188
150 214 161 214
150 216 161 216
150 230 161 230
150 232 155 233
150 237 161 237
150 244 161 244
150 248 155 249
151 5 153 8
151 9 154 11
151 23 154 25
151 33 153 36
151 40 154 42
151 49 154 51
151 103 153 106
151 113 154 115
151 126 153 129
151 130 156 131
151 145 162 145
151 166 154 168
151 189 153 192
151 199 162 199
151 207 154 209
151 213 162 213
151 236 162 236
151 238 156 239
152 15 157 16
152 38 163 38
152 47 163 47
152 61 154 64
152 77 154 80
152 85 157 86
152 99 155 101
152 102 163 102
152 119 154 122
152 139 155 141
152 149 163 149
152 169 157 170
152 176 163 176
152 181 157 182
152 195 154 198
152 200 154 203
152 215 163 215
152 218 163 218
152 229 163 229
153 29 158 30
153 39 164 39
153 44 164 44
153 53 164 53
153 68 155 71
153 87 155 90
153 92 164 92
153 93 164 93
153 95 156 97
153 111 164 111
153 132 158 133
153 142 156 144
153 150 154 155
153 156 156 158
153 159 155 162
153 175 164 175
153 179 164 179
153 204 156 206
153 219 164 219
153 221 155 224
153 227 158 228
154 5 157 7
154 8 165 8
154 12 157 14
154 26 165 26
154 27 165 27
154 33 159 34
154 35 159 36
154 37 165 37
154 54 165 54
154 56 157 58
154 65 157 67
154 81 157 83
154 91 165 91
154 94 165 94
154 103 156 106
154 126 156 129
154 136 157 138
154 146 157 148
154 163 157 165
154 173 159 174
154 183 159 184
154 186 156 189
154 190 157 192
154 194 165 194
154 220 165 220
155 1 166 1
155 4 166 4
155 9 166 9
155 10 160 11
155 23 158 25
155 40 166 40
155 41 166 41
155 49 158 51
155 59 156 64
155 73 166 73
155 77 157 80
155 113 158 115
155 118 158 120
155 121 160 122
155 124 166 124
155 150 156 155
155 166 158 168
155 178 166 178
155 195 157 198
155 200 157 203
155 207 157 210
155 225 160 226
155 234 160 235
155 240 160 241
156 45 161 46
156 68 158 71
156 87 158 90
156 99 159 101
156 139 159 141
156 159 158 162
156 171 167 171
156 185 167 185
156 217 167 217
156 221 158 224
156 232 167 232
156 233 167 233
156 246 158 249
157 59 160 61
157 62 160 64
157 84 168 84
157 95 160 97
157 103 159 106
157 108 168 108
157 126 159 129
157 130 162 131
157 142 160 144
157 150 162 151
157 152 162 153
157 154 159 157
157 158 168 158
157 186 159 189
157 204 160 206
157 238 162 239
158 5 161 7
158 12 160 15
158 16 160 19
158 55 160 58
158 65 161 67
158 77 160 80
158 81 169 81
158 82 169 82
158 83 169 83
158 85 163 86
158 112 169 112
158 116 169 116
158 135 160 138
158 146 161 148
158 163 161 165
158 169 163 170
158 181 163 182
158 190 161 192
158 195 160 198
158 200 160 203
158 207 161 209
158 210 163 211
159 2 170 2
159 23 162 25
159 28 164 29
159 30 170 30
159 48 161 51
159 68 164 69
159 71 170 71
159 87 161 90
159 113 162 115
159 118 162 120
159 132 164 133
159 159 161 162
159 166 162 168
159 172 170 172
159 221 162 223
159 224 170 224
159 227 164 228
159 242 164 243
159 245 164 246
159 247 162 249
160 22 171 22
160 31 171 31
160 33 162 36
160 42 171 42
160 74 165 75
160 99 163 101
160 103 163 105
160 106 165 107
160 110 171 110
160 117 171 117
160 125 162 128
160 129 171 129
160 139 171 139
160 155 171 155
160 156 165 157
160 174 171 174
160 177 171 177
160 183 165 184
160 186 171 186
160 187 163 189
160 231 171 231
161 3 172 3
161 10 164 12
161 13 166 14
161 15 162 20
161 21 172 21
161 55 164 57
161 58 166 59
161 60 166 61
161 62 164 64
161 76 163 79
161 80 172 80
161 95 166 96
161 97 172 97
161 121 164 123
161 134 166 135
161 137 172 137
161 138 172 138
161 140 163 143
161 144 172 144
161 193 172 193
161 195 163 198
161 200 172 200
161 201 163 204
161 205 166 206
161 225 166 226
161 234 166 235
161 240 166 241
162 5 165 7
162 45 167 46
162 48 165 50
162 51 167 52
162 65 165 67
162 70 173 70
162 72 173 72
162 87 165 89
162 90 173 90
162 109 173 109
162 146 165 148
162 159 164 162
162 163 165 165
162 190 165 192
162 207 165 209
162 214 173 214
162 216 173 216
162 230 173 230
162 237 173 237
162 244 173 244
163 0 174 0
163 15 164 20
163 23 166 25
163 32 165 35
163 36 174 36
163 43 174 43
163 98 174 98
163 113 166 115
163 118 166 120
163 125 165 128
163 130 168 131
163 145 174 145
163 150 166 152
163 153 168 154
163 166 166 168
163 199 174 199
163 213 174 213
163 221 166 223
163 236 174 236
163 238 168 239
163 247 166 249
164 38 175 38
164 47 175 47
164 76 166 79
164 85 169 86
164 99 169 100
164 101 169 102
164 103 169 104
164 105 175 105
164 141 167 143
164 169 169 170
164 176 175 176
164 180 167 182
164 187 167 189
164 195 167 197
164 201 169 202
164 203 169 204
164 210 167 212
164 215 175 215
164 218 175 218
164 229 175 229
165 10 168 12
165 15 166 20
165 28 170 29
165 44 176 44
165 53 176 53
165 55 168 57
165 62 168 64
165 69 176 69
165 92 170 93
165 111 176 111
165 121 168 123
165 132 170 133
165 136 176 136
165 149 176 149
165 159 167 162
165 173 176 173
165 175 176 175
165 179 176 179
165 198 176 198
165 219 176 219
165 227 170 228
165 242 170 243
165 245 170 246
166 5 168 8
166 26 171 27
166 32 168 35
166 37 177 37
166 39 177 39
166 48 169 50
166 54 177 54
166 65 168 68
166 74 171 75
166 87 169 89
166 91 177 91
166 94 177 94
166 106 171 107
166 125 171 126
166 127 171 128
166 146 169 148
166 156 171 157
166 163 171 164
166 165 177 165
166 183 171 184
166 190 169 192
166 194 177 194
166 207 169 209
166 220 177 220
167 1 178 1
167 4 178 4
167 9 178 9
167 13 168 18
167 19 172 20
167 23 170 25
167 40 172 41
167 58 169 61
167 73 178 73
167 76 169 79
167 95 172 96
167 113 170 115
167 118 170 120
167 134 172 135
167 150 170 152
167 166 170 168
167 205 172 206
167 221 170 223
167 225 178 225
167 226 178 226
167 234 172 235
167 240 172 241
167 247 170 249
168 45 173 46
168 51 179 51
168 52 179 52
168 140 170 143
168 159 170 162
168 171 179 171
168 178 179 178
168 180 179 180
168 181 179 181
168 182 179 182
168 185 179 185
168 187 171 189
168 195 179 195
168 196 173 197
168 210 171 212
168 217 179 217
168 232 173 233
169 5 171 8
169 10 174 11
169 12 174 13
169 14 172 16
169 18 180 18
169 32 171 35
169 55 174 56
169 57 180 57
169 62 171 65
169 66 172 68
169 84 180 84
169 108 180 108
169 121 171 124
169 130 174 131
169 153 174 154
169 158 180 158
169 238 174 239
170 48 181 48
170 49 181 49
170 50 181 50
170 58 172 61
170 76 172 79
170 81 173 83
170 85 175 86
170 87 173 89
170 99 171 104
170 116 181 116
170 146 173 148
170 169 181 169
170 190 175 191
170 201 172 204
170 207 173 209
171 2 182 2
171 23 174 25
171 28 174 30
171 71 182 71
171 92 176 93
171 112 173 115
171 118 174 120
171 132 176 133
171 140 173 143
171 150 174 152
171 159 173 162
171 166 174 168
171 172 182 172
171 221 173 224
171 228 182 228
171 242 176 243
171 245 176 246
171 247 174 249
172 5 174 8
172 26 177 27
172 31 183 31
172 32 174 35
172 42 183 42
172 62 174 65
172 74 177 75
172 99 173 104
172 106 183 106
172 107 183 107
172 117 183 117
172 121 174 124
172 125 177 126
172 127 175 129
172 139 183 139
172 155 175 157
172 163 177 164
172 174 183 174
172 177 183 177
172 183 177 184
172 186 174 189
172 211 183 211
172 212 183 212
172 231 183 231
173 3 184 3
173 14 175 17
173 19 176 21
173 40 178 41
173 58 175 61
173 66 176 68
173 76 178 77
173 80 184 80
173 95 176 97
173 110 184 110
173 134 178 135
173 137 178 138
173 144 184 144
173 192 178 193
173 200 175 203
173 204 176 206
173 234 178 235
173 240 178 241
174 45 179 46
174 70 185 70
174 78 179 79
174 81 177 83
174 87 176 90
174 99 175 104
174 112 176 115
174 140 176 143
174 146 177 148
174 159 176 162
174 196 179 197
174 207 176 210
174 214 185 214
174 216 185 216
174 221 176 224
174 230 185 230
174 232 179 233
174 237 185 237
175 5 177 8
175 10 177 13
175 22 177 25
175 28 178 30
175 32 177 35
175 36 186 36
175 43 186 43
175 55 180 56
175 62 177 65
175 98 186 98
175 118 180 119
175 120 177 123
175 124 186 124
175 130 180 131
175 145 186 145
175 150 186 150
175 151 186 151
175 152 186 152
175 154 186 154
175 166 178 168
175 186 177 189
175 199 186 199
175 213 186 213
175 236 186 236
175 238 180 239
175 247 178 249
176 0 187 0
176 14 178 17
176 38 187 38
176 47 187 47
176 58 178 61
176 85 187 85
176 86 187 86
176 99 178 102
176 103 179 105
176 109 187 109
176 127 179 129
176 155 179 157
176 176 187 176
176 190 181 191
176 200 178 203
176 215 187 215
176 218 187 218
176 229 187 229
177 19 180 21
177 44 188 44
177 66 179 69
177 72 188 72
177 87 182 88
177 89 182 90
177 92 188 92
177 93 188 93
177 95 180 97
177 111 179 114
177 115 188 115
177 136 188 136
177 140 179 143
177 159 180 161
177 162 188 162
177 173 188 173
177 179 188 179
177 204 180 206
177 207 179 210
177 219 188 219
177 221 179 224
177 227 188 227
177 242 180 244
177 245 182 246
178 5 180 8
178 10 180 13
178 22 180 25
178 26 183 27
178 32 180 35
178 37 189 37
178 39 189 39
178 54 189 54
178 62 180 65
178 74 183 75
178 81 181 83
178 91 189 91
178 94 189 94
178 120 180 123
178 125 183 126
178 146 180 149
178 153 189 153
178 163 181 165
178 183 183 184
178 186 180 189
178 194 189 194
178 198 189 198
178 220 189 220
179 4 190 4
179 14 184 15
179 16 184 17
179 28 182 30
179 40 184 41
179 58 181 61
179 73 190 73
179 76 184 77
179 99 181 102
179 133 184 134
179 135 190 135
179 137 184 138
179 166 182 168
179 192 184 193
179 200 184 201
179 202 184 203
179 225 184 226
179 234 184 235
179 240 184 241
179 247 182 249
180 9 191 9
180 45 191 45
180 46 191 46
180 51 183 53
180 66 182 69
180 78 185 79
180 103 185 104
180 105 191 105
180 111 182 114
180 127 183 129
180 140 182 143
180 155 191 155
180 156 185 157
180 170 185 171
180 178 191 178
180 180 183 182
180 185 191 185
180 195 183 197
180 207 182 210
180 217 191 217
180 221 182 224
180 232 185 233
181 5 183 8
181 10 183 13
181 18 183 21
181 22 183 25
181 32 183 35
181 55 184 57
181 62 183 65
181 84 192 84
181 95 184 97
181 108 192 108
181 118 182 123
181 130 184 132
181 146 183 149
181 158 183 161
181 186 183 189
181 204 184 206
181 238 186 239
181 242 184 244
182 48 187 49
182 50 193 50
182 58 184 61
182 81 185 83
182 99 184 102
182 116 193 116
182 163 185 165
182 169 193 169
182 175 193 175
182 190 187 191
183 28 186 30
183 66 188 67
183 69 194 69
183 71 194 71
183 87 185 90
183 111 185 114
183 118 184 123
183 140 185 143
183 166 188 167
183 168 194 168
183 172 194 172
183 207 188 208
183 209 188 210
183 221 185 224
183 245 185 248
183 249 194 249
184 5 186 8
184 10 186 13
184 18 187 20
184 21 189 22
184 23 189 24
184 25 195 25
184 26 189 27
184 31 189 32
184 33 187 35
184 42 195 42
184 51 187 53
184 62 189 63
184 64 195 64
184 74 189 75
184 106 189 107
184 117 195 117
184 125 189 126
184 127 187 129
184 139 195 139
184 146 186 149
184 158 186 161
184 174 195 174
184 177 195 177
184 180 187 182
184 183 189 184
184 186 186 189
184 195 187 197
184 211 189 212
184 231 195 231
185 3 196 3
185 14 187 17
185 40 190 41
185 55 187 58
185 59 190 60
185 61 196 61
185 76 190 77
185 80 196 80
185 95 188 97
185 99 187 102
185 118 186 123
185 130 188 132
185 133 190 134
185 137 190 138
185 144 196 144
185 192 190 193
185 200 186 205
185 206 196 206
185 225 196 225
185 226 196 226
185 234 190 235
185 240 188 242
185 243 190 244
186 70 197 70
186 78 191 79
186 81 189 83
186 87 188 90
186 103 191 104
186 110 197 110
186 111 188 114
186 140 188 143
186 156 191 157
186 163 189 165
186 170 191 171
186 214 197 214
186 216 197 216
186 221 188 224
186 230 197 230
186 232 191 233
186 237 197 237
186 245 188 248
187 5 189 8
187 10 189 13
187 28 190 30
187 43 198 43
187 118 189 121
187 122 190 124
187 145 192 146
187 147 188 152
187 154 198 154
187 158 189 161
187 186 189 189
187 199 190 201
187 202 189 205
187 213 198 213
187 228 198 228
187 236 198 236
187 238 192 239
188 0 199 0
188 2 199 2
188 14 199 14
188 15 199 15
188 16 190 19
188 20 199 20
188 33 199 33
188 34 199 34
188 47 199 47
188 48 199 48
188 49 199 49
188 51 199 51
188 52 199 52
188 53 199 53
188 55 199 55
188 56 199 56
188 57 199 57
188 58 199 58
188 85 199 85
188 86 199 86
188 98 190 101
188 102 199 102
188 109 199 109
188 127 199 127
188 128 199 128
188 176 199 176
188 180 199 180
188 181 199 181
188 182 199 182
188 195 199 195
188 196 199 196
188 197 199 197
188 215 199 215
189 35 194 36
189 44 199 44
189 65 192 67
189 72 199 72
189 87 191 90
189 92 194 93
189 95 192 97
189 111 192 113
189 114 194 115
189 129 191 132
189 140 191 143
189 147 194 148
189 149 191 152
189 173 199 173
189 179 199 179
189 207 191 210
189 218 194 219
189 221 191 224
189 240 192 242
189 245 191 248
190 5 192 8
190 10 192 13
190 21 192 24
190 26 195 27
190 31 195 32
190 37 199 37
190 38 195 39
190 54 199 54
190 62 195 63
190 75 199 75
190 81 193 83
190 91 199 91
190 106 195 107
190 118 192 121
190 125 195 126
190 153 199 153
190 158 192 161
190 162 191 167
190 183 195 184
190 186 191 191
190 198 199 198
190 202 192 205
190 211 195 212
190 220 199 220
191 4 199 4
191 16 193 19
191 28 194 30
191 59 196 60
191 73 196 74
191 76 196 77
191 98 193 101
191 122 194 124
191 133 192 138
191 192 196 193
191 199 194 201
191 234 196 235
191 244 199 244
192 45 197 46
192 78 197 79
192 87 194 90
192 103 195 105
192 129 194 132
192 140 194 143
192 149 194 152
192 155 195 157
192 162 193 167
192 170 197 171
192 178 199 178
192 185 193 190
192 207 194 210
192 217 199 217
192 221 194 224
192 232 197 233
192 245 194 248
193 5 196 7
193 8 194 13
193 21 195 24
193 65 198 66
193 67 198 68
193 94 195 97
193 111 196 113
193 118 195 121
193 133 194 138
193 145 198 146
193 158 195 161
193 202 195 205
193 238 194 243
194 16 196 19
194 81 199 82
194 100 199 101
194 162 195 167
194 185 199 186
194 187 199 188
194 189 199 190
195 8 196 13
195 28 198 30
195 87 197 90
195 92 199 93
195 114 198 116
195 129 197 132
195 133 198 135
195 136 198 138
195 140 197 143
195 147 196 152
195 168 199 169
195 199 198 201
195 207 197 210
195 221 197 224
195 238 196 243
195 245 197 248
196 21 199 23
196 24 199 26
196 38 199 40
196 41 199 42
196 62 199 64
196 94 199 96
196 103 199 105
196 106 199 108
196 117 199 119
196 120 199 122
196 123 199 125
196 155 198 158
196 159 199 161
196 162 199 164
196 174 199 175
196 202 199 204
197 5 199 8
197 9 199 12
197 59 199 61
197 147 199 150
197 225 199 227
197 238 199 241
198 139 199 144
198 205 199 210
198 229 199 234
199 129 199 138
